{"C:\\Users\\Thu\\Desktop\\COSC4353\\public\\pages\\fuel quote form page\\fuel quote form\\fuelquoteform.js": {"path":"C:\\Users\\Thu\\Desktop\\COSC4353\\public\\pages\\fuel quote form page\\fuel quote form\\fuelquoteform.js","statementMap":{"0":{"start":{"line":2,"column":4},"end":{"line":19,"column":10}},"1":{"start":{"line":4,"column":12},"end":{"line":6,"column":13}},"2":{"start":{"line":5,"column":16},"end":{"line":5,"column":62}},"3":{"start":{"line":7,"column":12},"end":{"line":7,"column":35}},"4":{"start":{"line":10,"column":32},"end":{"line":10,"column":82}},"5":{"start":{"line":11,"column":29},"end":{"line":13,"column":14}},"6":{"start":{"line":12,"column":16},"end":{"line":12,"column":62}},"7":{"start":{"line":14,"column":12},"end":{"line":14,"column":31}},"8":{"start":{"line":17,"column":12},"end":{"line":17,"column":57}},"9":{"start":{"line":18,"column":12},"end":{"line":18,"column":22}},"10":{"start":{"line":24,"column":21},"end":{"line":24,"column":24}},"11":{"start":{"line":25,"column":23},"end":{"line":25,"column":26}},"12":{"start":{"line":26,"column":25},"end":{"line":26,"column":28}},"13":{"start":{"line":27,"column":18},"end":{"line":27,"column":67}},"14":{"start":{"line":28,"column":4},"end":{"line":30,"column":5}},"15":{"start":{"line":29,"column":8},"end":{"line":29,"column":27}},"16":{"start":{"line":31,"column":4},"end":{"line":33,"column":5}},"17":{"start":{"line":32,"column":8},"end":{"line":32,"column":25}},"18":{"start":{"line":34,"column":4},"end":{"line":36,"column":5}},"19":{"start":{"line":35,"column":8},"end":{"line":35,"column":30}},"20":{"start":{"line":37,"column":25},"end":{"line":37,"column":82}},"21":{"start":{"line":38,"column":4},"end":{"line":38,"column":73}},"22":{"start":{"line":39,"column":4},"end":{"line":39,"column":85}},"23":{"start":{"line":44,"column":4},"end":{"line":50,"column":5}},"24":{"start":{"line":52,"column":4},"end":{"line":70,"column":7}},"25":{"start":{"line":59,"column":22},"end":{"line":59,"column":37}},"26":{"start":{"line":61,"column":8},"end":{"line":66,"column":9}},"27":{"start":{"line":62,"column":12},"end":{"line":62,"column":63}},"28":{"start":{"line":65,"column":12},"end":{"line":65,"column":67}},"29":{"start":{"line":69,"column":8},"end":{"line":69,"column":40}},"30":{"start":{"line":73,"column":0},"end":{"line":91,"column":7}},"31":{"start":{"line":76,"column":25},"end":{"line":76,"column":60}},"32":{"start":{"line":77,"column":8},"end":{"line":77,"column":43}},"33":{"start":{"line":78,"column":25},"end":{"line":78,"column":60}},"34":{"start":{"line":79,"column":8},"end":{"line":79,"column":43}},"35":{"start":{"line":80,"column":31},"end":{"line":80,"column":66}},"36":{"start":{"line":81,"column":8},"end":{"line":83,"column":9}},"37":{"start":{"line":82,"column":12},"end":{"line":82,"column":31}},"38":{"start":{"line":84,"column":29},"end":{"line":84,"column":62}},"39":{"start":{"line":85,"column":8},"end":{"line":87,"column":9}},"40":{"start":{"line":86,"column":12},"end":{"line":86,"column":33}},"41":{"start":{"line":90,"column":8},"end":{"line":90,"column":40}},"42":{"start":{"line":93,"column":4},"end":{"line":93,"column":61}}},"fnMap":{"0":{"name":"populateTable","decl":{"start":{"line":1,"column":9},"end":{"line":1,"column":22}},"loc":{"start":{"line":1,"column":25},"end":{"line":20,"column":1}},"line":1},"1":{"name":"(anonymous_1)","decl":{"start":{"line":3,"column":14},"end":{"line":3,"column":15}},"loc":{"start":{"line":3,"column":26},"end":{"line":8,"column":9}},"line":3},"2":{"name":"(anonymous_2)","decl":{"start":{"line":9,"column":14},"end":{"line":9,"column":15}},"loc":{"start":{"line":9,"column":22},"end":{"line":15,"column":9}},"line":9},"3":{"name":"(anonymous_3)","decl":{"start":{"line":11,"column":41},"end":{"line":11,"column":42}},"loc":{"start":{"line":11,"column":56},"end":{"line":13,"column":13}},"line":11},"4":{"name":"(anonymous_4)","decl":{"start":{"line":16,"column":15},"end":{"line":16,"column":16}},"loc":{"start":{"line":16,"column":24},"end":{"line":19,"column":9}},"line":16},"5":{"name":"getQuote","decl":{"start":{"line":22,"column":9},"end":{"line":22,"column":17}},"loc":{"start":{"line":22,"column":28},"end":{"line":40,"column":1}},"line":22},"6":{"name":"submitForm","decl":{"start":{"line":42,"column":9},"end":{"line":42,"column":19}},"loc":{"start":{"line":42,"column":30},"end":{"line":71,"column":1}},"line":42},"7":{"name":"(anonymous_7)","decl":{"start":{"line":59,"column":10},"end":{"line":59,"column":11}},"loc":{"start":{"line":59,"column":22},"end":{"line":59,"column":37}},"line":59},"8":{"name":"(anonymous_8)","decl":{"start":{"line":60,"column":10},"end":{"line":60,"column":11}},"loc":{"start":{"line":60,"column":18},"end":{"line":67,"column":5}},"line":60},"9":{"name":"(anonymous_9)","decl":{"start":{"line":68,"column":11},"end":{"line":68,"column":12}},"loc":{"start":{"line":68,"column":20},"end":{"line":70,"column":5}},"line":68},"10":{"name":"(anonymous_10)","decl":{"start":{"line":74,"column":10},"end":{"line":74,"column":11}},"loc":{"start":{"line":74,"column":22},"end":{"line":88,"column":5}},"line":74},"11":{"name":"(anonymous_11)","decl":{"start":{"line":81,"column":33},"end":{"line":81,"column":34}},"loc":{"start":{"line":81,"column":45},"end":{"line":83,"column":9}},"line":81},"12":{"name":"(anonymous_12)","decl":{"start":{"line":85,"column":31},"end":{"line":85,"column":32}},"loc":{"start":{"line":85,"column":43},"end":{"line":87,"column":9}},"line":85},"13":{"name":"(anonymous_13)","decl":{"start":{"line":89,"column":11},"end":{"line":89,"column":12}},"loc":{"start":{"line":89,"column":20},"end":{"line":91,"column":5}},"line":89}},"branchMap":{"0":{"loc":{"start":{"line":4,"column":12},"end":{"line":6,"column":13}},"type":"if","locations":[{"start":{"line":4,"column":12},"end":{"line":6,"column":13}},{"start":{},"end":{}}],"line":4},"1":{"loc":{"start":{"line":28,"column":4},"end":{"line":30,"column":5}},"type":"if","locations":[{"start":{"line":28,"column":4},"end":{"line":30,"column":5}},{"start":{},"end":{}}],"line":28},"2":{"loc":{"start":{"line":31,"column":4},"end":{"line":33,"column":5}},"type":"if","locations":[{"start":{"line":31,"column":4},"end":{"line":33,"column":5}},{"start":{},"end":{}}],"line":31},"3":{"loc":{"start":{"line":34,"column":4},"end":{"line":36,"column":5}},"type":"if","locations":[{"start":{"line":34,"column":4},"end":{"line":36,"column":5}},{"start":{},"end":{}}],"line":34},"4":{"loc":{"start":{"line":61,"column":8},"end":{"line":66,"column":9}},"type":"if","locations":[{"start":{"line":61,"column":8},"end":{"line":66,"column":9}},{"start":{"line":64,"column":13},"end":{"line":66,"column":9}}],"line":61}},"s":{"0":3,"1":1,"2":0,"3":1,"4":1,"5":1,"6":1,"7":1,"8":2,"9":2,"10":1,"11":1,"12":1,"13":1,"14":1,"15":0,"16":1,"17":0,"18":1,"19":0,"20":1,"21":1,"22":1,"23":1,"24":1,"25":1,"26":1,"27":0,"28":1,"29":0,"30":1,"31":1,"32":1,"33":0,"34":0,"35":0,"36":0,"37":0,"38":0,"39":0,"40":0,"41":1,"42":1},"f":{"0":3,"1":1,"2":1,"3":1,"4":2,"5":1,"6":1,"7":1,"8":1,"9":0,"10":1,"11":0,"12":0,"13":1},"b":{"0":[0,1],"1":[0,1],"2":[0,1],"3":[0,1],"4":[0,1]},"_coverageSchema":"1a1c01bbd47fc00a2c39e90264f33305004495a9","hash":"1759c0effefec36cc348fc705f17a154223993eb"}
,"C:\\Users\\Thu\\Desktop\\COSC4353\\public\\pages\\fuel quote form page\\fuel quote history\\fuelquotehistory.js": {"path":"C:\\Users\\Thu\\Desktop\\COSC4353\\public\\pages\\fuel quote form page\\fuel quote history\\fuelquotehistory.js","statementMap":{"0":{"start":{"line":3,"column":4},"end":{"line":26,"column":11}},"1":{"start":{"line":5,"column":12},"end":{"line":7,"column":13}},"2":{"start":{"line":6,"column":16},"end":{"line":6,"column":63}},"3":{"start":{"line":8,"column":12},"end":{"line":8,"column":35}},"4":{"start":{"line":12,"column":33},"end":{"line":12,"column":83}},"5":{"start":{"line":15,"column":33},"end":{"line":17,"column":14}},"6":{"start":{"line":16,"column":16},"end":{"line":16,"column":64}},"7":{"start":{"line":20,"column":12},"end":{"line":20,"column":32}},"8":{"start":{"line":23,"column":12},"end":{"line":23,"column":57}},"9":{"start":{"line":25,"column":12},"end":{"line":25,"column":22}},"10":{"start":{"line":30,"column":22},"end":{"line":30,"column":69}},"11":{"start":{"line":31,"column":4},"end":{"line":31,"column":29}},"12":{"start":{"line":33,"column":4},"end":{"line":43,"column":7}},"13":{"start":{"line":34,"column":20},"end":{"line":34,"column":48}},"14":{"start":{"line":35,"column":8},"end":{"line":41,"column":10}},"15":{"start":{"line":42,"column":8},"end":{"line":42,"column":35}},"16":{"start":{"line":47,"column":0},"end":{"line":54,"column":7}},"17":{"start":{"line":49,"column":8},"end":{"line":49,"column":34}},"18":{"start":{"line":50,"column":8},"end":{"line":50,"column":36}},"19":{"start":{"line":53,"column":8},"end":{"line":53,"column":39}},"20":{"start":{"line":56,"column":0},"end":{"line":56,"column":39}}},"fnMap":{"0":{"name":"fetchFuelQuoteHistory","decl":{"start":{"line":1,"column":9},"end":{"line":1,"column":30}},"loc":{"start":{"line":1,"column":33},"end":{"line":27,"column":1}},"line":1},"1":{"name":"(anonymous_1)","decl":{"start":{"line":4,"column":14},"end":{"line":4,"column":15}},"loc":{"start":{"line":4,"column":26},"end":{"line":9,"column":9}},"line":4},"2":{"name":"(anonymous_2)","decl":{"start":{"line":10,"column":14},"end":{"line":10,"column":15}},"loc":{"start":{"line":10,"column":22},"end":{"line":21,"column":9}},"line":10},"3":{"name":"(anonymous_3)","decl":{"start":{"line":15,"column":45},"end":{"line":15,"column":46}},"loc":{"start":{"line":15,"column":61},"end":{"line":17,"column":13}},"line":15},"4":{"name":"(anonymous_4)","decl":{"start":{"line":22,"column":15},"end":{"line":22,"column":16}},"loc":{"start":{"line":22,"column":24},"end":{"line":26,"column":9}},"line":22},"5":{"name":"populateTable","decl":{"start":{"line":29,"column":9},"end":{"line":29,"column":22}},"loc":{"start":{"line":29,"column":29},"end":{"line":44,"column":1}},"line":29},"6":{"name":"(anonymous_6)","decl":{"start":{"line":33,"column":17},"end":{"line":33,"column":18}},"loc":{"start":{"line":33,"column":26},"end":{"line":43,"column":5}},"line":33},"7":{"name":"(anonymous_7)","decl":{"start":{"line":48,"column":10},"end":{"line":48,"column":11}},"loc":{"start":{"line":48,"column":26},"end":{"line":51,"column":5}},"line":48},"8":{"name":"(anonymous_8)","decl":{"start":{"line":52,"column":11},"end":{"line":52,"column":12}},"loc":{"start":{"line":52,"column":20},"end":{"line":54,"column":5}},"line":52}},"branchMap":{"0":{"loc":{"start":{"line":5,"column":12},"end":{"line":7,"column":13}},"type":"if","locations":[{"start":{"line":5,"column":12},"end":{"line":7,"column":13}},{"start":{},"end":{}}],"line":5}},"s":{"0":3,"1":2,"2":1,"3":1,"4":1,"5":1,"6":3,"7":1,"8":2,"9":2,"10":1,"11":1,"12":0,"13":0,"14":0,"15":0,"16":1,"17":1,"18":1,"19":1,"20":1},"f":{"0":3,"1":2,"2":1,"3":3,"4":2,"5":1,"6":0,"7":1,"8":1},"b":{"0":[1,1]},"_coverageSchema":"1a1c01bbd47fc00a2c39e90264f33305004495a9","hash":"ed1fe1e00bdffc101b0d142b1c8cf64c71153cad"}
,"C:\\Users\\Thu\\Desktop\\COSC4353\\public\\pages\\profile page\\profile\\profile.js": {"path":"C:\\Users\\Thu\\Desktop\\COSC4353\\public\\pages\\profile page\\profile\\profile.js","statementMap":{"0":{"start":{"line":4,"column":4},"end":{"line":21,"column":11}},"1":{"start":{"line":6,"column":12},"end":{"line":8,"column":13}},"2":{"start":{"line":7,"column":16},"end":{"line":7,"column":55}},"3":{"start":{"line":9,"column":12},"end":{"line":9,"column":35}},"4":{"start":{"line":12,"column":32},"end":{"line":12,"column":82}},"5":{"start":{"line":13,"column":29},"end":{"line":15,"column":14}},"6":{"start":{"line":14,"column":16},"end":{"line":14,"column":62}},"7":{"start":{"line":16,"column":12},"end":{"line":16,"column":28}},"8":{"start":{"line":19,"column":12},"end":{"line":19,"column":57}},"9":{"start":{"line":20,"column":12},"end":{"line":20,"column":22}},"10":{"start":{"line":24,"column":0},"end":{"line":43,"column":7}},"11":{"start":{"line":26,"column":8},"end":{"line":26,"column":33}},"12":{"start":{"line":27,"column":22},"end":{"line":27,"column":53}},"13":{"start":{"line":28,"column":22},"end":{"line":28,"column":85}},"14":{"start":{"line":29,"column":30},"end":{"line":29,"column":94}},"15":{"start":{"line":30,"column":8},"end":{"line":39,"column":9}},"16":{"start":{"line":30,"column":21},"end":{"line":30,"column":22}},"17":{"start":{"line":31,"column":23},"end":{"line":31,"column":51}},"18":{"start":{"line":32,"column":23},"end":{"line":32,"column":51}},"19":{"start":{"line":33,"column":12},"end":{"line":33,"column":45}},"20":{"start":{"line":34,"column":12},"end":{"line":34,"column":31}},"21":{"start":{"line":35,"column":28},"end":{"line":35,"column":56}},"22":{"start":{"line":36,"column":12},"end":{"line":36,"column":64}},"23":{"start":{"line":37,"column":12},"end":{"line":37,"column":36}},"24":{"start":{"line":38,"column":12},"end":{"line":38,"column":34}},"25":{"start":{"line":42,"column":8},"end":{"line":42,"column":40}},"26":{"start":{"line":45,"column":0},"end":{"line":45,"column":31}}},"fnMap":{"0":{"name":"populateTable","decl":{"start":{"line":2,"column":9},"end":{"line":2,"column":22}},"loc":{"start":{"line":2,"column":25},"end":{"line":22,"column":1}},"line":2},"1":{"name":"(anonymous_1)","decl":{"start":{"line":5,"column":14},"end":{"line":5,"column":15}},"loc":{"start":{"line":5,"column":26},"end":{"line":10,"column":9}},"line":5},"2":{"name":"(anonymous_2)","decl":{"start":{"line":11,"column":14},"end":{"line":11,"column":15}},"loc":{"start":{"line":11,"column":22},"end":{"line":17,"column":9}},"line":11},"3":{"name":"(anonymous_3)","decl":{"start":{"line":13,"column":41},"end":{"line":13,"column":42}},"loc":{"start":{"line":13,"column":56},"end":{"line":15,"column":13}},"line":13},"4":{"name":"(anonymous_4)","decl":{"start":{"line":18,"column":15},"end":{"line":18,"column":16}},"loc":{"start":{"line":18,"column":24},"end":{"line":21,"column":9}},"line":18},"5":{"name":"(anonymous_5)","decl":{"start":{"line":25,"column":10},"end":{"line":25,"column":11}},"loc":{"start":{"line":25,"column":22},"end":{"line":40,"column":5}},"line":25},"6":{"name":"(anonymous_6)","decl":{"start":{"line":41,"column":11},"end":{"line":41,"column":12}},"loc":{"start":{"line":41,"column":20},"end":{"line":43,"column":5}},"line":41}},"branchMap":{"0":{"loc":{"start":{"line":6,"column":12},"end":{"line":8,"column":13}},"type":"if","locations":[{"start":{"line":6,"column":12},"end":{"line":8,"column":13}},{"start":{},"end":{}}],"line":6}},"s":{"0":2,"1":1,"2":0,"3":1,"4":1,"5":1,"6":1,"7":1,"8":1,"9":1,"10":1,"11":1,"12":1,"13":1,"14":1,"15":1,"16":1,"17":1,"18":1,"19":1,"20":1,"21":1,"22":1,"23":0,"24":0,"25":1,"26":1},"f":{"0":2,"1":1,"2":1,"3":1,"4":1,"5":1,"6":1},"b":{"0":[0,1]},"_coverageSchema":"1a1c01bbd47fc00a2c39e90264f33305004495a9","hash":"e7d5f5275674dce70fed66c3ed57888f717613d9"}
,"C:\\Users\\Thu\\Desktop\\COSC4353\\public\\pages\\profile page\\registration\\registration.js": {"path":"C:\\Users\\Thu\\Desktop\\COSC4353\\public\\pages\\profile page\\registration\\registration.js","statementMap":{"0":{"start":{"line":3,"column":26},"end":{"line":3,"column":63}},"1":{"start":{"line":4,"column":26},"end":{"line":4,"column":67}},"2":{"start":{"line":5,"column":26},"end":{"line":5,"column":67}},"3":{"start":{"line":6,"column":22},"end":{"line":6,"column":59}},"4":{"start":{"line":7,"column":23},"end":{"line":7,"column":61}},"5":{"start":{"line":8,"column":25},"end":{"line":8,"column":66}},"6":{"start":{"line":9,"column":4},"end":{"line":12,"column":5}},"7":{"start":{"line":10,"column":8},"end":{"line":10,"column":47}},"8":{"start":{"line":11,"column":8},"end":{"line":11,"column":21}},"9":{"start":{"line":15,"column":24},"end":{"line":15,"column":76}},"10":{"start":{"line":16,"column":21},"end":{"line":16,"column":41}},"11":{"start":{"line":17,"column":21},"end":{"line":26,"column":5}},"12":{"start":{"line":27,"column":4},"end":{"line":45,"column":7}},"13":{"start":{"line":34,"column":22},"end":{"line":34,"column":37}},"14":{"start":{"line":36,"column":8},"end":{"line":41,"column":9}},"15":{"start":{"line":37,"column":12},"end":{"line":37,"column":49}},"16":{"start":{"line":40,"column":12},"end":{"line":40,"column":65}},"17":{"start":{"line":44,"column":8},"end":{"line":44,"column":40}},"18":{"start":{"line":48,"column":0},"end":{"line":48,"column":29}}},"fnMap":{"0":{"name":"prepareData","decl":{"start":{"line":1,"column":9},"end":{"line":1,"column":20}},"loc":{"start":{"line":1,"column":23},"end":{"line":46,"column":1}},"line":1},"1":{"name":"(anonymous_1)","decl":{"start":{"line":34,"column":10},"end":{"line":34,"column":11}},"loc":{"start":{"line":34,"column":22},"end":{"line":34,"column":37}},"line":34},"2":{"name":"(anonymous_2)","decl":{"start":{"line":35,"column":10},"end":{"line":35,"column":11}},"loc":{"start":{"line":35,"column":18},"end":{"line":42,"column":5}},"line":35},"3":{"name":"(anonymous_3)","decl":{"start":{"line":43,"column":11},"end":{"line":43,"column":12}},"loc":{"start":{"line":43,"column":20},"end":{"line":45,"column":5}},"line":43}},"branchMap":{"0":{"loc":{"start":{"line":9,"column":4},"end":{"line":12,"column":5}},"type":"if","locations":[{"start":{"line":9,"column":4},"end":{"line":12,"column":5}},{"start":{},"end":{}}],"line":9},"1":{"loc":{"start":{"line":9,"column":8},"end":{"line":9,"column":99}},"type":"binary-expr","locations":[{"start":{"line":9,"column":8},"end":{"line":9,"column":45}},{"start":{"line":9,"column":49},"end":{"line":9,"column":72}},{"start":{"line":9,"column":76},"end":{"line":9,"column":99}}],"line":9},"2":{"loc":{"start":{"line":36,"column":8},"end":{"line":41,"column":9}},"type":"if","locations":[{"start":{"line":36,"column":8},"end":{"line":41,"column":9}},{"start":{"line":39,"column":13},"end":{"line":41,"column":9}}],"line":36}},"s":{"0":1,"1":1,"2":1,"3":1,"4":1,"5":1,"6":1,"7":0,"8":0,"9":1,"10":1,"11":1,"12":1,"13":1,"14":1,"15":1,"16":0,"17":1,"18":1},"f":{"0":1,"1":1,"2":1,"3":1},"b":{"0":[0,1],"1":[1,1,1],"2":[1,0]},"_coverageSchema":"1a1c01bbd47fc00a2c39e90264f33305004495a9","hash":"aeda97086bb93861fbb2e788f53e1d4281964da2"}
}
