TN:
SF:public\pages\fuel quote form page\fuel quote form\fuelquoteform.js
FN:1,populateTable
FN:3,(anonymous_1)
FN:9,(anonymous_2)
FN:11,(anonymous_3)
FN:16,(anonymous_4)
FN:22,getQuote
FN:42,submitForm
FN:59,(anonymous_7)
FN:60,(anonymous_8)
FN:68,(anonymous_9)
FN:74,(anonymous_10)
FN:81,(anonymous_11)
FN:85,(anonymous_12)
FN:89,(anonymous_13)
FNF:14
FNH:11
FNDA:3,populateTable
FNDA:1,(anonymous_1)
FNDA:1,(anonymous_2)
FNDA:1,(anonymous_3)
FNDA:2,(anonymous_4)
FNDA:1,getQuote
FNDA:1,submitForm
FNDA:1,(anonymous_7)
FNDA:1,(anonymous_8)
FNDA:0,(anonymous_9)
FNDA:1,(anonymous_10)
FNDA:0,(anonymous_11)
FNDA:0,(anonymous_12)
FNDA:1,(anonymous_13)
DA:2,3
DA:4,1
DA:5,0
DA:7,1
DA:10,1
DA:11,1
DA:12,1
DA:14,1
DA:17,2
DA:18,2
DA:24,1
DA:25,1
DA:26,1
DA:27,1
DA:28,1
DA:29,0
DA:31,1
DA:32,0
DA:34,1
DA:35,0
DA:37,1
DA:38,1
DA:39,1
DA:44,1
DA:52,1
DA:59,1
DA:61,1
DA:62,0
DA:65,1
DA:69,0
DA:73,1
DA:76,1
DA:77,1
DA:78,0
DA:79,0
DA:80,0
DA:81,0
DA:82,0
DA:84,0
DA:85,0
DA:86,0
DA:90,1
DA:93,1
LF:43
LH:29
BRDA:4,0,0,0
BRDA:4,0,1,1
BRDA:28,1,0,0
BRDA:28,1,1,1
BRDA:31,2,0,0
BRDA:31,2,1,1
BRDA:34,3,0,0
BRDA:34,3,1,1
BRDA:61,4,0,0
BRDA:61,4,1,1
BRF:10
BRH:5
end_of_record
TN:
SF:public\pages\fuel quote form page\fuel quote history\fuelquotehistory.js
FN:1,fetchFuelQuoteHistory
FN:4,(anonymous_1)
FN:10,(anonymous_2)
FN:15,(anonymous_3)
FN:22,(anonymous_4)
FN:29,populateTable
FN:33,(anonymous_6)
FN:48,(anonymous_7)
FN:52,(anonymous_8)
FNF:9
FNH:8
FNDA:3,fetchFuelQuoteHistory
FNDA:2,(anonymous_1)
FNDA:1,(anonymous_2)
FNDA:3,(anonymous_3)
FNDA:2,(anonymous_4)
FNDA:1,populateTable
FNDA:0,(anonymous_6)
FNDA:1,(anonymous_7)
FNDA:1,(anonymous_8)
DA:3,3
DA:5,2
DA:6,1
DA:8,1
DA:12,1
DA:15,1
DA:16,3
DA:20,1
DA:23,2
DA:25,2
DA:30,1
DA:31,1
DA:33,0
DA:34,0
DA:35,0
DA:42,0
DA:47,1
DA:49,1
DA:50,1
DA:53,1
DA:56,1
LF:21
LH:17
BRDA:5,0,0,1
BRDA:5,0,1,1
BRF:2
BRH:2
end_of_record
TN:
SF:public\pages\profile page\profile\profile.js
FN:2,populateTable
FN:5,(anonymous_1)
FN:11,(anonymous_2)
FN:13,(anonymous_3)
FN:18,(anonymous_4)
FN:25,(anonymous_5)
FN:41,(anonymous_6)
FNF:7
FNH:7
FNDA:2,populateTable
FNDA:1,(anonymous_1)
FNDA:1,(anonymous_2)
FNDA:1,(anonymous_3)
FNDA:1,(anonymous_4)
FNDA:1,(anonymous_5)
FNDA:1,(anonymous_6)
DA:4,2
DA:6,1
DA:7,0
DA:9,1
DA:12,1
DA:13,1
DA:14,1
DA:16,1
DA:19,1
DA:20,1
DA:24,1
DA:26,1
DA:27,1
DA:28,1
DA:29,1
DA:30,1
DA:31,1
DA:32,1
DA:33,1
DA:34,1
DA:35,1
DA:36,1
DA:37,0
DA:38,0
DA:42,1
DA:45,1
LF:26
LH:23
BRDA:6,0,0,0
BRDA:6,0,1,1
BRF:2
BRH:1
end_of_record
TN:
SF:public\pages\profile page\registration\registration.js
FN:1,prepareData
FN:34,(anonymous_1)
FN:35,(anonymous_2)
FN:43,(anonymous_3)
FNF:4
FNH:4
FNDA:1,prepareData
FNDA:1,(anonymous_1)
FNDA:1,(anonymous_2)
FNDA:1,(anonymous_3)
DA:3,1
DA:4,1
DA:5,1
DA:6,1
DA:7,1
DA:8,1
DA:9,1
DA:10,0
DA:11,0
DA:15,1
DA:16,1
DA:17,1
DA:27,1
DA:34,1
DA:36,1
DA:37,1
DA:40,0
DA:44,1
DA:48,1
LF:19
LH:16
BRDA:9,0,0,0
BRDA:9,0,1,1
BRDA:9,1,0,1
BRDA:9,1,1,1
BRDA:9,1,2,1
BRDA:36,2,0,1
BRDA:36,2,1,0
BRF:7
BRH:5
end_of_record
